#
# There is insufficient memory for the Java Runtime Environment to continue.
# Native memory allocation (malloc) failed to allocate 1048576 bytes for AllocateHeap
# Possible reasons:
#   The system is out of physical RAM or swap space
#   In 32 bit mode, the process size limit was hit
# Possible solutions:
#   Reduce memory load on the system
#   Increase physical memory or swap space
#   Check if swap backing store is full
#   Use 64 bit Java on a 64 bit OS
#   Decrease Java heap size (-Xmx/-Xms)
#   Decrease number of Java threads
#   Decrease Java thread stack sizes (-Xss)
#   Set larger code cache with -XX:ReservedCodeCacheSize=
# This output file may be truncated or incomplete.
#
#  Out of Memory Error (memory/allocation.inline.hpp:61), pid=6724, tid=8856
#
# JRE version:  (8.0_73-b02) (build )
# Java VM: Java HotSpot(TM) 64-Bit Server VM (25.73-b02 mixed mode windows-amd64 compressed oops)
# Failed to write core dump. Minidumps are not enabled by default on client versions of Windows
#

---------------  T H R E A D  ---------------

Current thread (0x00000000021f0800):  JavaThread "Unknown thread" [_thread_in_vm, id=8856, stack(0x00000000020e0000,0x00000000021e0000)]

Stack: [0x00000000020e0000,0x00000000021e0000]
[error occurred during error reporting (printing stack bounds), id 0xc0000005]

Native frames: (J=compiled Java code, j=interpreted, Vv=VM code, C=native code)


---------------  P R O C E S S  ---------------

Java Threads: ( => current thread )

Other Threads:

=>0x00000000021f0800 (exited) JavaThread "Unknown thread" [_thread_in_vm, id=8856, stack(0x00000000020e0000,0x00000000021e0000)]

VM state:not at safepoint (normal execution)

VM Mutex/Monitor currently owned by a thread: None

Heap:
 PSYoungGen      total 27648K, used 481K [0x00000000eab00000, 0x00000000ec980000, 0x0000000100000000)
  eden space 24064K, 2% used [0x00000000eab00000,0x00000000eab78528,0x00000000ec280000)
  from space 3584K, 0% used [0x00000000ec600000,0x00000000ec600000,0x00000000ec980000)
  to   space 3584K, 0% used [0x00000000ec280000,0x00000000ec280000,0x00000000ec600000)
 ParOldGen       total 62976K, used 0K [0x00000000c0000000, 0x00000000c3d80000, 0x00000000eab00000)
  object space 62976K, 0% used [0x00000000c0000000,0x00000000c0000000,0x00000000c3d80000)
 Metaspace       used 769K, capacity 4480K, committed 4480K, reserved 1056768K
  class space    used 75K, capacity 384K, committed 384K, reserved 1048576K

Card table byte_map: [0x00000000116b0000,0x00000000118c0000] byte_map_base: 0x00000000110b0000

Marking Bits: (ParMarkBitMap*) 0x000000005fc60600
 Begin Bits: [0x0000000011e20000, 0x0000000012e20000)
 End Bits:   [0x0000000012e20000, 0x0000000013e20000)

Polling page: 0x00000000001f0000

CodeCache: size=245760Kb used=328Kb max_used=328Kb free=245431Kb
 bounds [0x00000000022f0000, 0x0000000002560000, 0x00000000112f0000]
 total_blobs=57 nmethods=0 adapters=37
 compilation: enabled

Compilation events (0 events):
No events

GC Heap History (0 events):
No events

Deoptimization events (0 events):
No events

Internal exceptions (0 events):
No events

Events (10 events):
Event: 0.098 loading class java/lang/Short
Event: 0.098 loading class java/lang/Short done
Event: 0.098 loading class java/lang/Integer
Event: 0.099 loading class java/lang/Integer done
Event: 0.099 loading class java/lang/Long
Event: 0.099 loading class java/lang/Long done
Event: 0.100 loading class java/lang/NullPointerException
Event: 0.100 loading class java/lang/NullPointerException done
Event: 0.100 loading class java/lang/ArithmeticException
Event: 0.100 loading class java/lang/ArithmeticException done


Dynamic libraries:
0x00007ff724100000 - 0x00007ff724137000 	C:\Program Files\Java\jdk1.8.0_73\bin\java.exe
0x00007ffbe1300000 - 0x00007ffbe14c1000 	C:\WINDOWS\SYSTEM32\ntdll.dll
0x00007ffbe05e0000 - 0x00007ffbe068d000 	C:\WINDOWS\system32\KERNEL32.DLL
0x00007ffbde3e0000 - 0x00007ffbde5c8000 	C:\WINDOWS\system32\KERNELBASE.dll
0x00007ffbdfeb0000 - 0x00007ffbdff57000 	C:\WINDOWS\system32\ADVAPI32.dll
0x00007ffbe0430000 - 0x00007ffbe04cd000 	C:\WINDOWS\system32\msvcrt.dll
0x00007ffbde820000 - 0x00007ffbde87b000 	C:\WINDOWS\system32\sechost.dll
0x00007ffbde700000 - 0x00007ffbde81c000 	C:\WINDOWS\system32\RPCRT4.dll
0x00007ffbe0e80000 - 0x00007ffbe0fd6000 	C:\WINDOWS\system32\USER32.dll
0x00007ffbe09c0000 - 0x00007ffbe0b46000 	C:\WINDOWS\system32\GDI32.dll
0x00007ffbd3710000 - 0x00007ffbd3984000 	C:\WINDOWS\WinSxS\amd64_microsoft.windows.common-controls_6595b64144ccf1df_6.0.10586.0_none_8c15ae12515e1c22\COMCTL32.dll
0x00007ffbe0b50000 - 0x00007ffbe0dcd000 	C:\WINDOWS\system32\combase.dll
0x00007ffbde5d0000 - 0x00007ffbde63a000 	C:\WINDOWS\system32\bcryptPrimitives.dll
0x00007ffbdff60000 - 0x00007ffbdff9b000 	C:\WINDOWS\system32\IMM32.DLL
0x000000005ed70000 - 0x000000005ee42000 	C:\Program Files\Java\jdk1.8.0_73\jre\bin\msvcr100.dll
0x000000005f450000 - 0x000000005fce0000 	C:\Program Files\Java\jdk1.8.0_73\jre\bin\server\jvm.dll
0x00007ffbe10c0000 - 0x00007ffbe10c8000 	C:\WINDOWS\system32\PSAPI.DLL
0x00007ffbcfc80000 - 0x00007ffbcfc89000 	C:\WINDOWS\SYSTEM32\WSOCK32.dll
0x00007ffbe0690000 - 0x00007ffbe06fb000 	C:\WINDOWS\system32\WS2_32.dll
0x00007ffbdbd30000 - 0x00007ffbdbd53000 	C:\WINDOWS\SYSTEM32\WINMM.dll
0x00007ffbdbea0000 - 0x00007ffbdbeaa000 	C:\WINDOWS\SYSTEM32\VERSION.dll
0x00007ffbdbcd0000 - 0x00007ffbdbcfc000 	C:\WINDOWS\SYSTEM32\WINMMBASE.dll
0x00007ffbde2e0000 - 0x00007ffbde323000 	C:\WINDOWS\system32\cfgmgr32.dll
0x000000005f360000 - 0x000000005f36f000 	C:\Program Files\Java\jdk1.8.0_73\jre\bin\verify.dll
0x000000005f330000 - 0x000000005f359000 	C:\Program Files\Java\jdk1.8.0_73\jre\bin\java.dll
0x000000005f310000 - 0x000000005f326000 	C:\Program Files\Java\jdk1.8.0_73\jre\bin\zip.dll

VM Arguments:
jvm_args: -Djava.awt.headless=true -Xmx1024M -Dfile.encoding=windows-1252 -Duser.country=BR -Duser.language=pt -Duser.variant 
java_command: com.android.dx.command.Main --dex --num-threads=4 --output D:\Users\F.Einstein\OneDrive\TCC\Project\Asking\app\build\intermediates\pre-dexed\debug\com.android.support-support-v4-23.1.1_3b6c3f6835a68bedb67bed29d87ab6dc990d6d94.jar D:\Users\F.Einstein\OneDrive\TCC\Project\Asking\app\build\intermediates\exploded-aar\com.android.support\support-v4\23.1.1\jars\classes.jar
java_class_path (initial): C:\Users\F.Einstein\AppData\Local\Android\sdk\build-tools\23.0.1\lib\dx.jar
Launcher Type: SUN_STANDARD

Environment Variables:
PATH=C:\ProgramData\Oracle\Java\javapath;C:\Program Files\Common Files\Microsoft Shared\Microsoft Online Services;C:\Program Files (x86)\Common Files\Microsoft Shared\Microsoft Online Services;C:\Program Files (x86)\Intel\iCLS Client\;C:\Program Files\Intel\iCLS Client\;C:\WINDOWS\system32;C:\WINDOWS;C:\WINDOWS\System32\Wbem;C:\WINDOWS\System32\WindowsPowerShell\v1.0\;C:\Program Files\Intel\Intel(R) Management Engine Components\DAL;C:\Program Files\Intel\Intel(R) Management Engine Components\IPT;C:\Program Files (x86)\Intel\Intel(R) Management Engine Components\DAL;C:\Program Files (x86)\Intel\Intel(R) Management Engine Components\IPT;C:\Program Files (x86)\Skype\Phone\
USERNAME=F.Einstein
OS=Windows_NT
PROCESSOR_IDENTIFIER=Intel64 Family 6 Model 58 Stepping 9, GenuineIntel



---------------  S Y S T E M  ---------------

OS: Windows 10.0 , 64 bit Build 10586 (10.0.10586.0)

CPU:total 4 (2 cores per cpu, 2 threads per core) family 6 model 58 stepping 9, cmov, cx8, fxsr, mmx, sse, sse2, sse3, ssse3, sse4.1, sse4.2, popcnt, avx, clmul, erms, ht, tsc, tscinvbit, tscinv

Memory: 4k page, physical 5985820k(970260k free), swap 8132124k(15860k free)

vm_info: Java HotSpot(TM) 64-Bit Server VM (25.73-b02) for windows-amd64 JRE (1.8.0_73-b02), built on Jan 29 2016 17:38:49 by "java_re" with MS VC++ 10.0 (VS2010)

time: Tue Apr 05 17:03:45 2016
elapsed time: 0 seconds (0d 0h 0m 0s)

