#
# There is insufficient memory for the Java Runtime Environment to continue.
# Native memory allocation (malloc) failed to allocate 32744 bytes for ChunkPool::allocate
# Possible reasons:
#   The system is out of physical RAM or swap space
#   In 32 bit mode, the process size limit was hit
# Possible solutions:
#   Reduce memory load on the system
#   Increase physical memory or swap space
#   Check if swap backing store is full
#   Use 64 bit Java on a 64 bit OS
#   Decrease Java heap size (-Xmx/-Xms)
#   Decrease number of Java threads
#   Decrease Java thread stack sizes (-Xss)
#   Set larger code cache with -XX:ReservedCodeCacheSize=
# This output file may be truncated or incomplete.
#
#  Out of Memory Error (allocation.cpp:273), pid=3836, tid=5168
#
# JRE version: Java(TM) SE Runtime Environment (8.0_45-b15) (build 1.8.0_45-b15)
# Java VM: Java HotSpot(TM) 64-Bit Server VM (25.45-b02 mixed mode windows-amd64 compressed oops)
# Failed to write core dump. Minidumps are not enabled by default on client versions of Windows
#

---------------  T H R E A D  ---------------

Current thread (0x0000000014a74000):  JavaThread "C1 CompilerThread2" daemon [_thread_in_native, id=5168, stack(0x00000000161c0000,0x00000000162c0000)]

Stack: [0x00000000161c0000,0x00000000162c0000]
Native frames: (J=compiled Java code, j=interpreted, Vv=VM code, C=native code)
V  [jvm.dll+0x32b57a]


Current CompileTask:
C1:   2216  923   !   3       com.android.dx.cf.code.RopperMachine::run (1550 bytes)


---------------  P R O C E S S  ---------------

Java Threads: ( => current thread )
  0x000000001650c800 JavaThread "pool-1-thread-4" [_thread_in_Java, id=5164, stack(0x0000000016cc0000,0x0000000016dc0000)]
  0x00000000164f0000 JavaThread "pool-1-thread-3" [_thread_in_Java, id=7620, stack(0x0000000016bc0000,0x0000000016cc0000)]
  0x00000000164cf800 JavaThread "pool-1-thread-2" [_thread_in_Java, id=2200, stack(0x0000000016ac0000,0x0000000016bc0000)]
  0x0000000016457000 JavaThread "pool-2-thread-1" [_thread_blocked, id=2204, stack(0x00000000169c0000,0x0000000016ac0000)]
  0x000000001645c000 JavaThread "pool-1-thread-1" [_thread_in_Java, id=7004, stack(0x00000000168c0000,0x00000000169c0000)]
  0x00000000162e0000 JavaThread "Service Thread" daemon [_thread_blocked, id=8680, stack(0x00000000166c0000,0x00000000167c0000)]
=>0x0000000014a74000 JavaThread "C1 CompilerThread2" daemon [_thread_in_native, id=5168, stack(0x00000000161c0000,0x00000000162c0000)]
  0x0000000014a71000 JavaThread "C2 CompilerThread1" daemon [_thread_in_native, id=3852, stack(0x00000000160c0000,0x00000000161c0000)]
  0x0000000014a6d000 JavaThread "C2 CompilerThread0" daemon [_thread_in_native, id=3772, stack(0x0000000015fc0000,0x00000000160c0000)]
  0x0000000014a6b800 JavaThread "Attach Listener" daemon [_thread_blocked, id=9556, stack(0x0000000015ec0000,0x0000000015fc0000)]
  0x0000000014a6a800 JavaThread "Signal Dispatcher" daemon [_thread_blocked, id=10160, stack(0x0000000015dc0000,0x0000000015ec0000)]
  0x0000000002397000 JavaThread "Finalizer" daemon [_thread_blocked, id=188, stack(0x0000000015cc0000,0x0000000015dc0000)]
  0x000000000238d000 JavaThread "Reference Handler" daemon [_thread_blocked, id=9252, stack(0x0000000015bc0000,0x0000000015cc0000)]
  0x00000000022a1000 JavaThread "main" [_thread_in_vm, id=5376, stack(0x0000000002160000,0x0000000002260000)]

Other Threads:
  0x0000000014a37800 VMThread [stack: 0x0000000015ac0000,0x0000000015bc0000] [id=9648]
  0x00000000162f1000 WatcherThread [stack: 0x00000000167c0000,0x00000000168c0000] [id=5720]

VM state:not at safepoint (normal execution)

VM Mutex/Monitor currently owned by a thread: None

Heap:
 PSYoungGen      total 27648K, used 17347K [0x00000000eab00000, 0x00000000ec980000, 0x0000000100000000)
  eden space 24064K, 57% used [0x00000000eab00000,0x00000000eb876020,0x00000000ec280000)
  from space 3584K, 99% used [0x00000000ec280000,0x00000000ec5fad18,0x00000000ec600000)
  to   space 3584K, 0% used [0x00000000ec600000,0x00000000ec600000,0x00000000ec980000)
 ParOldGen       total 62976K, used 2293K [0x00000000c0000000, 0x00000000c3d80000, 0x00000000eab00000)
  object space 62976K, 3% used [0x00000000c0000000,0x00000000c023d558,0x00000000c3d80000)
 Metaspace       used 5677K, capacity 6832K, committed 7040K, reserved 1056768K
  class space    used 578K, capacity 616K, committed 640K, reserved 1048576K

Card table byte_map: [0x0000000011760000,0x0000000011970000] byte_map_base: 0x0000000011160000

Marking Bits: (ParMarkBitMap*) 0x0000000054514040
 Begin Bits: [0x0000000011ed0000, 0x0000000012ed0000)
 End Bits:   [0x0000000012ed0000, 0x0000000013ed0000)

Polling page: 0x00000000001f0000

CodeCache: size=245760Kb used=3404Kb max_used=3415Kb free=242355Kb
 bounds [0x00000000023a0000, 0x0000000002700000, 0x00000000113a0000]
 total_blobs=1187 nmethods=918 adapters=182
 compilation: enabled

Compilation events (10 events):
Event: 2.057 Thread 0x0000000014a74000  926       3       com.android.dx.ssa.SCCP::addUsersToWorklist (103 bytes)
Event: 2.057 Thread 0x0000000014a71000  928       4       java.lang.Object::equals (11 bytes)
Event: 2.058 Thread 0x0000000014a71000 nmethod 928 0x00000000026e5350 code [0x00000000026e5480, 0x00000000026e54f8]
Event: 2.058 Thread 0x0000000014a71000  929       4       java.util.BitSet::recalculateWordsInUse (39 bytes)
Event: 2.058 Thread 0x0000000014a74000 nmethod 926 0x00000000026f7390 code [0x00000000026f7660, 0x00000000026f8b58]
Event: 2.059 Thread 0x0000000014a74000  923   !   3       com.android.dx.cf.code.RopperMachine::run (1550 bytes)
Event: 2.059 Thread 0x0000000014a71000 nmethod 929 0x00000000026f5c10 code [0x00000000026f5d40, 0x00000000026f5df8]
Event: 2.059 Thread 0x0000000014a71000  930       4       java.util.BitSet::clear (70 bytes)
Event: 2.061 Thread 0x0000000014a71000 nmethod 930 0x00000000026f0450 code [0x00000000026f05a0, 0x00000000026f06b8]
Event: 2.061 Thread 0x0000000014a71000  933       4       com.android.dx.ssa.back.LivenessAnalyzer::handleTailRecursion (94 bytes)

GC Heap History (0 events):
No events

Deoptimization events (10 events):
Event: 1.895 Thread 0x000000001645c000 Uncommon trap: reason=unstable_if action=reinterpret pc=0x00000000025ed1dc method=java.util.TreeMap.fixAfterInsertion(Ljava/util/TreeMap$Entry;)V @ 105
Event: 1.918 Thread 0x00000000164f0000 Uncommon trap: reason=unstable_if action=reinterpret pc=0x00000000025e99e0 method=java.util.HashMap.getNode(ILjava/lang/Object;)Ljava/util/HashMap$Node; @ 129
Event: 1.926 Thread 0x00000000164cf800 Uncommon trap: reason=unstable_if action=reinterpret pc=0x00000000025b16d0 method=com.android.dx.rop.cst.CstFieldRef.compareTo0(Lcom/android/dx/rop/cst/Constant;)I @ 7
Event: 1.936 Thread 0x000000001645c000 Uncommon trap: reason=unstable_if action=reinterpret pc=0x0000000002596ca8 method=com.android.dx.rop.cst.CstFieldRef.compareTo0(Lcom/android/dx/rop/cst/Constant;)I @ 7
Event: 1.942 Thread 0x00000000164f0000 Uncommon trap: reason=unstable_if action=reinterpret pc=0x0000000002549794 method=com.android.dx.rop.cst.CstFieldRef.compareTo0(Lcom/android/dx/rop/cst/Constant;)I @ 7
Event: 1.967 Thread 0x00000000022a1000 Uncommon trap: reason=unloaded action=reinterpret pc=0x000000000265e900 method=com.android.dx.cf.cst.ConstantPoolParser.parse0(ILjava/util/BitSet;)Lcom/android/dx/rop/cst/Constant; @ 475
Event: 1.990 Thread 0x00000000164f0000 Uncommon trap: reason=class_check action=maybe_recompile pc=0x000000000268bb48 method=com.android.dx.ssa.SsaBasicBlock.forEachInsn(Lcom/android/dx/ssa/SsaInsn$Visitor;)V @ 23
Event: 1.990 Thread 0x00000000164f0000 Uncommon trap: reason=class_check action=maybe_recompile pc=0x000000000268bb48 method=com.android.dx.ssa.SsaBasicBlock.forEachInsn(Lcom/android/dx/ssa/SsaInsn$Visitor;)V @ 23
Event: 1.990 Thread 0x00000000164f0000 Uncommon trap: reason=class_check action=maybe_recompile pc=0x000000000268bb48 method=com.android.dx.ssa.SsaBasicBlock.forEachInsn(Lcom/android/dx/ssa/SsaInsn$Visitor;)V @ 23
Event: 1.991 Thread 0x00000000164f0000 Uncommon trap: reason=class_check action=maybe_recompile pc=0x000000000268bb48 method=com.android.dx.ssa.SsaBasicBlock.forEachInsn(Lcom/android/dx/ssa/SsaInsn$Visitor;)V @ 23

Internal exceptions (2 events):
Event: 0.065 Thread 0x00000000022a1000 Exception <a 'java/lang/NoSuchMethodError': Method sun.misc.Unsafe.defineClass(Ljava/lang/String;[BII)Ljava/lang/Class; name or signature does not match> (0x00000000eab0d270) thrown at [C:\re\workspace\8-2-build-windows-amd64-cygwin\jdk8u45\3627\hotspot\sr)áJ ¶°?
Event: 0.065 Thread 0x00000000022a1000 Exception <a 'java/lang/NoSuchMethodError': Method sun.misc.Unsafe.prefetchRead(Ljava/lang/Object;J)V name or signature does not match> (0x00000000eab0d500) thrown at [C:\re\workspace\8-2-build-windows-amd64-cygwin\jdk8u45\3627\hotspot\src\share\vm\prims\j

Events (10 events):
Event: 1.990 Thread 0x00000000164f0000 Uncommon trap: trap_request=0xffffffde fr.pc=0x000000000268bb48
Event: 1.990 Thread 0x00000000164f0000 DEOPT PACKING pc=0x000000000268bb48 sp=0x0000000016cbe700
Event: 1.990 Thread 0x00000000164f0000 DEOPT UNPACKING pc=0x00000000023e582a sp=0x0000000016cbe6b8 mode 2
Event: 1.991 Thread 0x00000000164f0000 Uncommon trap: trap_request=0xffffffde fr.pc=0x000000000268bb48
Event: 1.991 Thread 0x00000000164f0000 DEOPT PACKING pc=0x000000000268bb48 sp=0x0000000016cbe7b0
Event: 1.991 Thread 0x00000000164f0000 DEOPT UNPACKING pc=0x00000000023e582a sp=0x0000000016cbe768 mode 2
Event: 2.005 loading class com/android/dx/ssa/back/FirstFitLocalCombiningAllocator$Multiset
Event: 2.005 loading class com/android/dx/ssa/back/FirstFitLocalCombiningAllocator$Multiset done
Event: 2.025 loading class com/android/dx/dex/file/MethodAnnotationStruct
Event: 2.025 loading class com/android/dx/dex/file/MethodAnnotationStruct done


Dynamic libraries:
0x00007ff6584d0000 - 0x00007ff658507000 	C:\Program Files\Java\jdk1.8.0_45\bin\java.exe
0x00007ff91da50000 - 0x00007ff91dc11000 	C:\WINDOWS\SYSTEM32\ntdll.dll
0x00007ff91ce90000 - 0x00007ff91cf3d000 	C:\WINDOWS\system32\KERNEL32.DLL
0x00007ff91a100000 - 0x00007ff91a2e8000 	C:\WINDOWS\system32\KERNELBASE.dll
0x00007ff91d280000 - 0x00007ff91d327000 	C:\WINDOWS\system32\ADVAPI32.dll
0x00007ff91b220000 - 0x00007ff91b2bd000 	C:\WINDOWS\system32\msvcrt.dll
0x00007ff91b7e0000 - 0x00007ff91b83b000 	C:\WINDOWS\system32\sechost.dll
0x00007ff91b2c0000 - 0x00007ff91b3dc000 	C:\WINDOWS\system32\RPCRT4.dll
0x00007ff91b540000 - 0x00007ff91b696000 	C:\WINDOWS\system32\USER32.dll
0x00007ff91d0f0000 - 0x00007ff91d276000 	C:\WINDOWS\system32\GDI32.dll
0x00007ff90b8c0000 - 0x00007ff90bb34000 	C:\WINDOWS\WinSxS\amd64_microsoft.windows.common-controls_6595b64144ccf1df_6.0.10586.0_none_8c15ae12515e1c22\COMCTL32.dll
0x00007ff91d7d0000 - 0x00007ff91da4d000 	C:\WINDOWS\system32\combase.dll
0x00007ff91a3b0000 - 0x00007ff91a41a000 	C:\WINDOWS\system32\bcryptPrimitives.dll
0x00007ff91b1e0000 - 0x00007ff91b21b000 	C:\WINDOWS\system32\IMM32.DLL
0x0000000055030000 - 0x0000000055102000 	C:\Program Files\Java\jdk1.8.0_45\jre\bin\msvcr100.dll
0x0000000053d10000 - 0x0000000054593000 	C:\Program Files\Java\jdk1.8.0_45\jre\bin\server\jvm.dll
0x00007ff91cdb0000 - 0x00007ff91cdb8000 	C:\WINDOWS\system32\PSAPI.DLL
0x00007ff9135e0000 - 0x00007ff9135ea000 	C:\WINDOWS\SYSTEM32\VERSION.dll
0x00007ff913530000 - 0x00007ff913539000 	C:\WINDOWS\SYSTEM32\WSOCK32.dll
0x00007ff9186b0000 - 0x00007ff9186d3000 	C:\WINDOWS\SYSTEM32\WINMM.dll
0x00007ff91b770000 - 0x00007ff91b7db000 	C:\WINDOWS\system32\WS2_32.dll
0x0000000002130000 - 0x000000000215c000 	C:\WINDOWS\SYSTEM32\WINMMBASE.dll
0x00007ff91a530000 - 0x00007ff91a573000 	C:\WINDOWS\system32\cfgmgr32.dll
0x0000000053cc0000 - 0x0000000053ccf000 	C:\Program Files\Java\jdk1.8.0_45\jre\bin\verify.dll
0x0000000053320000 - 0x0000000053349000 	C:\Program Files\Java\jdk1.8.0_45\jre\bin\java.dll
0x0000000053300000 - 0x0000000053316000 	C:\Program Files\Java\jdk1.8.0_45\jre\bin\zip.dll
0x00007ff91b850000 - 0x00007ff91cdac000 	C:\WINDOWS\system32\SHELL32.dll
0x00007ff91a800000 - 0x00007ff91ae45000 	C:\WINDOWS\system32\windows.storage.dll
0x00007ff91b6a0000 - 0x00007ff91b6f2000 	C:\WINDOWS\system32\shlwapi.dll
0x00007ff91a0a0000 - 0x00007ff91a0af000 	C:\WINDOWS\system32\kernel.appcore.dll
0x00007ff91a2f0000 - 0x00007ff91a3a5000 	C:\WINDOWS\system32\shcore.dll
0x00007ff91a0b0000 - 0x00007ff91a0fb000 	C:\WINDOWS\system32\powrprof.dll
0x00007ff91a080000 - 0x00007ff91a094000 	C:\WINDOWS\system32\profapi.dll

VM Arguments:
jvm_args: -Djava.awt.headless=true -Xmx1024M -Dfile.encoding=windows-1252 -Duser.country=BR -Duser.language=pt -Duser.variant 
java_command: com.android.dx.command.Main --dex --num-threads=4 --output D:\Users\F.Einstein\OneDrive\TCC\Project\Asking\app\build\intermediates\pre-dexed\debug\debug_7a6449f63f5474428cd0e47bf4d097d5f94dfbed.jar D:\Users\F.Einstein\OneDrive\TCC\Project\Asking\app\build\intermediates\classes\debug
java_class_path (initial): C:\Users\F.Einstein\AppData\Local\Android\sdk\build-tools\23.0.1\lib\dx.jar
Launcher Type: SUN_STANDARD

Environment Variables:
PATH=C:\Program Files\Common Files\Microsoft Shared\Microsoft Online Services;C:\Program Files (x86)\Common Files\Microsoft Shared\Microsoft Online Services;C:\ProgramData\Oracle\Java\javapath;C:\Program Files (x86)\Intel\iCLS Client\;C:\Program Files\Intel\iCLS Client\;C:\WINDOWS\system32;C:\WINDOWS;C:\WINDOWS\System32\Wbem;C:\WINDOWS\System32\WindowsPowerShell\v1.0\;C:\Program Files\Intel\Intel(R) Management Engine Components\DAL;C:\Program Files\Intel\Intel(R) Management Engine Components\IPT;C:\Program Files (x86)\Intel\Intel(R) Management Engine Components\DAL;C:\Program Files (x86)\Intel\Intel(R) Management Engine Components\IPT;C:\Program Files (x86)\Skype\Phone\
USERNAME=F.Einstein
OS=Windows_NT
PROCESSOR_IDENTIFIER=Intel64 Family 6 Model 58 Stepping 9, GenuineIntel



---------------  S Y S T E M  ---------------

OS: Windows 10.0 , 64 bit Build 10586 (10.0.10586.0)

CPU:total 4 (2 cores per cpu, 2 threads per core) family 6 model 58 stepping 9, cmov, cx8, fxsr, mmx, sse, sse2, sse3, ssse3, sse4.1, sse4.2, popcnt, avx, clmul, erms, ht, tsc, tscinvbit, tscinv

Memory: 4k page, physical 5985820k(386604k free), swap 8132124k(2600k free)

vm_info: Java HotSpot(TM) 64-Bit Server VM (25.45-b02) for windows-amd64 JRE (1.8.0_45-b15), built on Apr 30 2015 12:40:44 by "java_re" with MS VC++ 10.0 (VS2010)

time: Mon Mar 07 16:14:59 2016
elapsed time: 2 seconds (0d 0h 0m 2s)

