#
# There is insufficient memory for the Java Runtime Environment to continue.
# Native memory allocation (malloc) failed to allocate 806096 bytes for Chunk::new
# Possible reasons:
#   The system is out of physical RAM or swap space
#   In 32 bit mode, the process size limit was hit
# Possible solutions:
#   Reduce memory load on the system
#   Increase physical memory or swap space
#   Check if swap backing store is full
#   Use 64 bit Java on a 64 bit OS
#   Decrease Java heap size (-Xmx/-Xms)
#   Decrease number of Java threads
#   Decrease Java thread stack sizes (-Xss)
#   Set larger code cache with -XX:ReservedCodeCacheSize=
# This output file may be truncated or incomplete.
#
#  Out of Memory Error (allocation.cpp:390), pid=9532, tid=10160
#
# JRE version: Java(TM) SE Runtime Environment (8.0_45-b15) (build 1.8.0_45-b15)
# Java VM: Java HotSpot(TM) 64-Bit Server VM (25.45-b02 mixed mode windows-amd64 compressed oops)
# Failed to write core dump. Minidumps are not enabled by default on client versions of Windows
#

---------------  T H R E A D  ---------------

Current thread (0x00000000149ed000):  JavaThread "C2 CompilerThread0" daemon [_thread_in_native, id=10160, stack(0x0000000015f60000,0x0000000016060000)]

Stack: [0x0000000015f60000,0x0000000016060000]
Native frames: (J=compiled Java code, j=interpreted, Vv=VM code, C=native code)
V  [jvm.dll+0x32b57a]


Current CompileTask:
C2:   2574 1177       4       com.android.dx.ssa.SCCP::simulateBranch (666 bytes)


---------------  P R O C E S S  ---------------

Java Threads: ( => current thread )
  0x00000000164bf800 JavaThread "pool-1-thread-4" [_thread_in_Java, id=8652, stack(0x0000000016c60000,0x0000000016d60000)]
  0x00000000164bf000 JavaThread "pool-1-thread-3" [_thread_blocked, id=4360, stack(0x0000000016b60000,0x0000000016c60000)]
  0x00000000164be000 JavaThread "pool-1-thread-2" [_thread_in_vm, id=9000, stack(0x0000000016a60000,0x0000000016b60000)]
  0x00000000164ba000 JavaThread "pool-2-thread-1" [_thread_blocked, id=8340, stack(0x0000000016960000,0x0000000016a60000)]
  0x00000000164b9800 JavaThread "pool-1-thread-1" [_thread_blocked, id=9108, stack(0x0000000016860000,0x0000000016960000)]
  0x0000000016266000 JavaThread "Service Thread" daemon [_thread_blocked, id=2200, stack(0x0000000016660000,0x0000000016760000)]
  0x0000000014a4d000 JavaThread "C1 CompilerThread2" daemon [_thread_blocked, id=7004, stack(0x0000000016160000,0x0000000016260000)]
  0x0000000014a4a000 JavaThread "C2 CompilerThread1" daemon [_thread_in_native, id=8680, stack(0x0000000016060000,0x0000000016160000)]
=>0x00000000149ed000 JavaThread "C2 CompilerThread0" daemon [_thread_in_native, id=10160, stack(0x0000000015f60000,0x0000000016060000)]
  0x00000000149eb800 JavaThread "Attach Listener" daemon [_thread_blocked, id=188, stack(0x0000000015e60000,0x0000000015f60000)]
  0x00000000149ea800 JavaThread "Signal Dispatcher" daemon [_thread_blocked, id=9252, stack(0x0000000015d60000,0x0000000015e60000)]
  0x0000000002312800 JavaThread "Finalizer" daemon [_thread_blocked, id=3820, stack(0x0000000015c60000,0x0000000015d60000)]
  0x000000000230f800 JavaThread "Reference Handler" daemon [_thread_blocked, id=5936, stack(0x0000000015b60000,0x0000000015c60000)]
  0x0000000002221000 JavaThread "main" [_thread_in_Java, id=4316, stack(0x0000000001f10000,0x0000000002010000)]

Other Threads:
  0x00000000149b6800 VMThread [stack: 0x0000000015a60000,0x0000000015b60000] [id=5376]
  0x0000000016267800 WatcherThread [stack: 0x0000000016760000,0x0000000016860000] [id=6932]

VM state:not at safepoint (normal execution)

VM Mutex/Monitor currently owned by a thread: None

Heap:
 PSYoungGen      total 27648K, used 20771K [0x00000000eab00000, 0x00000000ec980000, 0x0000000100000000)
  eden space 24064K, 71% used [0x00000000eab00000,0x00000000ebbcb298,0x00000000ec280000)
  from space 3584K, 99% used [0x00000000ec280000,0x00000000ec5fdc78,0x00000000ec600000)
  to   space 3584K, 0% used [0x00000000ec600000,0x00000000ec600000,0x00000000ec980000)
 ParOldGen       total 62976K, used 1688K [0x00000000c0000000, 0x00000000c3d80000, 0x00000000eab00000)
  object space 62976K, 2% used [0x00000000c0000000,0x00000000c01a61f8,0x00000000c3d80000)
 Metaspace       used 5926K, capacity 6960K, committed 7040K, reserved 1056768K
  class space    used 582K, capacity 616K, committed 640K, reserved 1048576K

Card table byte_map: [0x00000000116e0000,0x00000000118f0000] byte_map_base: 0x00000000110e0000

Marking Bits: (ParMarkBitMap*) 0x0000000054514040
 Begin Bits: [0x0000000011e50000, 0x0000000012e50000)
 End Bits:   [0x0000000012e50000, 0x0000000013e50000)

Polling page: 0x00000000001f0000

CodeCache: size=245760Kb used=5409Kb max_used=5409Kb free=240350Kb
 bounds [0x0000000002320000, 0x0000000002870000, 0x0000000011320000]
 total_blobs=1601 nmethods=1332 adapters=182
 compilation: enabled

Compilation events (10 events):
Event: 2.342 Thread 0x0000000014a4d000 nmethod 1197 0x00000000027c0dd0 code [0x00000000027c0f60, 0x00000000027c15b8]
Event: 2.344 Thread 0x0000000014a4d000 1198       3       com.android.dx.cf.code.Ropper::addExceptionSetupBlocks (203 bytes)
Event: 2.346 Thread 0x0000000014a4d000 nmethod 1198 0x00000000027c1790 code [0x00000000027c1ba0, 0x00000000027c40f8]
Event: 2.347 Thread 0x0000000014a4d000 1199       3       com.android.dx.ssa.SsaConverter::edgeSplitPredecessors (44 bytes)
Event: 2.348 Thread 0x0000000014a4d000 nmethod 1199 0x00000000027c5d50 code [0x00000000027c5f60, 0x00000000027c6928]
Event: 2.348 Thread 0x0000000014a4d000 1200       3       com.android.dx.ssa.SsaConverter::edgeSplitMoveExceptionsAndResults (157 bytes)
Event: 2.350 Thread 0x0000000014a4d000 nmethod 1200 0x00000000027c6e90 code [0x00000000027c7240, 0x00000000027c90a8]
Event: 2.350 Thread 0x0000000014a4d000 1201       3       com.android.dx.ssa.DomFront::calcDomFronts (154 bytes)
Event: 2.352 Thread 0x0000000014a4d000 nmethod 1201 0x00000000027ca5d0 code [0x00000000027ca860, 0x00000000027cb788]
Event: 2.352 Thread 0x0000000014a4d000 1202       3       com.android.dx.ssa.SsaMethod::forEachBlockDepthFirstDom (128 bytes)

GC Heap History (2 events):
Event: 2.038 GC heap before
{Heap before GC invocations=1 (full 0):
 PSYoungGen      total 27648K, used 24064K [0x00000000eab00000, 0x00000000ec980000, 0x0000000100000000)
  eden space 24064K, 100% used [0x00000000eab00000,0x00000000ec280000,0x00000000ec280000)
  from space 3584K, 0% used [0x00000000ec600000,0x00000000ec600000,0x00000000ec980000)
  to   space 3584K, 0% used [0x00000000ec280000,0x00000000ec280000,0x00000000ec600000)
 ParOldGen       total 62976K, used 0K [0x00000000c0000000, 0x00000000c3d80000, 0x00000000eab00000)
  object space 62976K, 0% used [0x00000000c0000000,0x00000000c0000000,0x00000000c3d80000)
 Metaspace       used 5807K, capacity 6896K, committed 7040K, reserved 1056768K
  class space    used 582K, capacity 616K, committed 640K, reserved 1048576K
Event: 2.046 GC heap after
Heap after GC invocations=1 (full 0):
 PSYoungGen      total 27648K, used 3575K [0x00000000eab00000, 0x00000000ec980000, 0x0000000100000000)
  eden space 24064K, 0% used [0x00000000eab00000,0x00000000eab00000,0x00000000ec280000)
  from space 3584K, 99% used [0x00000000ec280000,0x00000000ec5fdc78,0x00000000ec600000)
  to   space 3584K, 0% used [0x00000000ec600000,0x00000000ec600000,0x00000000ec980000)
 ParOldGen       total 62976K, used 1688K [0x00000000c0000000, 0x00000000c3d80000, 0x00000000eab00000)
  object space 62976K, 2% used [0x00000000c0000000,0x00000000c01a61f8,0x00000000c3d80000)
 Metaspace       used 5807K, capacity 6896K, committed 7040K, reserved 1056768K
  class space    used 582K, capacity 616K, committed 640K, reserved 1048576K
}

Deoptimization events (10 events):
Event: 1.857 Thread 0x0000000002221000 Uncommon trap: reason=unstable_if action=reinterpret pc=0x00000000026559dc method=com.android.dx.rop.code.RegisterSpec.equals(ILcom/android/dx/rop/type/TypeBearer;Lcom/android/dx/rop/code/LocalItem;)Z @ 16
Event: 1.979 Thread 0x0000000002221000 Uncommon trap: reason=unstable_if action=reinterpret pc=0x00000000025640d8 method=com.android.dx.rop.code.RegisterSpec.equals(ILcom/android/dx/rop/type/TypeBearer;Lcom/android/dx/rop/code/LocalItem;)Z @ 16
Event: 1.982 Thread 0x0000000002221000 Uncommon trap: reason=unstable_if action=reinterpret pc=0x0000000002687d1c method=com.android.dx.rop.cst.Constant.compareTo(Lcom/android/dx/rop/cst/Constant;)I @ 12
Event: 2.018 Thread 0x00000000164b9800 Uncommon trap: reason=null_check action=make_not_entrant pc=0x000000000268c11c method=com.android.dx.ssa.SsaRenamer.getLocalForNewReg(I)Lcom/android/dx/rop/code/LocalItem; @ 19
Event: 2.146 Thread 0x00000000164bf000 Uncommon trap: reason=bimorphic action=maybe_recompile pc=0x0000000002763eac method=java.util.HashMap.getNode(ILjava/lang/Object;)Ljava/util/HashMap$Node; @ 126
Event: 2.146 Thread 0x00000000164bf000 Uncommon trap: reason=class_check action=maybe_recompile pc=0x0000000002777744 method=java.util.HashMap.putVal(ILjava/lang/Object;Ljava/lang/Object;ZZ)Ljava/lang/Object; @ 203
Event: 2.146 Thread 0x00000000164bf000 Uncommon trap: reason=bimorphic action=maybe_recompile pc=0x0000000002763eac method=java.util.HashMap.getNode(ILjava/lang/Object;)Ljava/util/HashMap$Node; @ 126
Event: 2.146 Thread 0x00000000164bf000 Uncommon trap: reason=class_check action=maybe_recompile pc=0x0000000002777744 method=java.util.HashMap.putVal(ILjava/lang/Object;Ljava/lang/Object;ZZ)Ljava/lang/Object; @ 203
Event: 2.146 Thread 0x00000000164bf000 Uncommon trap: reason=bimorphic action=maybe_recompile pc=0x0000000002763eac method=java.util.HashMap.getNode(ILjava/lang/Object;)Ljava/util/HashMap$Node; @ 126
Event: 2.342 Thread 0x00000000164b9800 Uncommon trap: reason=null_check action=make_not_entrant pc=0x000000000278cc60 method=com.android.dx.rop.type.Type.equals(Ljava/lang/Object;)Z @ 8

Internal exceptions (4 events):
Event: 0.133 Thread 0x0000000002221000 Exception <a 'java/lang/NoSuchMethodError': Method sun.misc.Unsafe.defineClass(Ljava/lang/String;[BII)Ljava/lang/Class; name or signature does not match> (0x00000000eab0d518) thrown at [C:\re\workspace\8-2-build-windows-amd64-cygwin\jdk8u45\3627\hotspot\srnç	¡?
Event: 0.133 Thread 0x0000000002221000 Exception <a 'java/lang/NoSuchMethodError': Method sun.misc.Unsafe.prefetchRead(Ljava/lang/Object;J)V name or signature does not match> (0x00000000eab0d7a8) thrown at [C:\re\workspace\8-2-build-windows-amd64-cygwin\jdk8u45\3627\hotspot\src\share\vm\prims\j√á$¨5%
Event: 2.018 Thread 0x00000000164b9800 Implicit null exception at 0x0000000002689bbb to 0x000000000268c0d1
Event: 2.342 Thread 0x00000000164b9800 Implicit null exception at 0x000000000278cb62 to 0x000000000278cc52

Events (10 events):
Event: 2.146 Thread 0x00000000164bf000 DEOPT UNPACKING pc=0x000000000236582a sp=0x0000000016c5e570 mode 2
Event: 2.146 Thread 0x00000000164bf000 Uncommon trap: trap_request=0xffffffde fr.pc=0x0000000002777744
Event: 2.146 Thread 0x00000000164bf000 DEOPT PACKING pc=0x0000000002777744 sp=0x0000000016c5e600
Event: 2.146 Thread 0x00000000164bf000 DEOPT UNPACKING pc=0x000000000236582a sp=0x0000000016c5e538 mode 2
Event: 2.146 Thread 0x00000000164bf000 Uncommon trap: trap_request=0xffffffc6 fr.pc=0x0000000002763eac
Event: 2.146 Thread 0x00000000164bf000 DEOPT PACKING pc=0x0000000002763eac sp=0x0000000016c5e2b0
Event: 2.146 Thread 0x00000000164bf000 DEOPT UNPACKING pc=0x000000000236582a sp=0x0000000016c5e230 mode 2
Event: 2.342 Thread 0x00000000164b9800 Uncommon trap: trap_request=0xfffffff4 fr.pc=0x000000000278cc60
Event: 2.342 Thread 0x00000000164b9800 DEOPT PACKING pc=0x000000000278cc60 sp=0x000000001695e3e0
Event: 2.342 Thread 0x00000000164b9800 DEOPT UNPACKING pc=0x000000000236582a sp=0x000000001695e368 mode 2


Dynamic libraries:
0x00007ff6584d0000 - 0x00007ff658507000 	C:\Program Files\Java\jdk1.8.0_45\bin\java.exe
0x00007ff91da50000 - 0x00007ff91dc11000 	C:\WINDOWS\SYSTEM32\ntdll.dll
0x00007ff91ce90000 - 0x00007ff91cf3d000 	C:\WINDOWS\system32\KERNEL32.DLL
0x00007ff91a100000 - 0x00007ff91a2e8000 	C:\WINDOWS\system32\KERNELBASE.dll
0x00007ff91d280000 - 0x00007ff91d327000 	C:\WINDOWS\system32\ADVAPI32.dll
0x00007ff91b220000 - 0x00007ff91b2bd000 	C:\WINDOWS\system32\msvcrt.dll
0x00007ff91b7e0000 - 0x00007ff91b83b000 	C:\WINDOWS\system32\sechost.dll
0x00007ff91b2c0000 - 0x00007ff91b3dc000 	C:\WINDOWS\system32\RPCRT4.dll
0x00007ff91b540000 - 0x00007ff91b696000 	C:\WINDOWS\system32\USER32.dll
0x00007ff91d0f0000 - 0x00007ff91d276000 	C:\WINDOWS\system32\GDI32.dll
0x00007ff90b8c0000 - 0x00007ff90bb34000 	C:\WINDOWS\WinSxS\amd64_microsoft.windows.common-controls_6595b64144ccf1df_6.0.10586.0_none_8c15ae12515e1c22\COMCTL32.dll
0x00007ff91d7d0000 - 0x00007ff91da4d000 	C:\WINDOWS\system32\combase.dll
0x00007ff91a3b0000 - 0x00007ff91a41a000 	C:\WINDOWS\system32\bcryptPrimitives.dll
0x00007ff91b1e0000 - 0x00007ff91b21b000 	C:\WINDOWS\system32\IMM32.DLL
0x0000000055030000 - 0x0000000055102000 	C:\Program Files\Java\jdk1.8.0_45\jre\bin\msvcr100.dll
0x0000000053d10000 - 0x0000000054593000 	C:\Program Files\Java\jdk1.8.0_45\jre\bin\server\jvm.dll
0x00007ff91cdb0000 - 0x00007ff91cdb8000 	C:\WINDOWS\system32\PSAPI.DLL
0x00007ff913530000 - 0x00007ff913539000 	C:\WINDOWS\SYSTEM32\WSOCK32.dll
0x00007ff91b770000 - 0x00007ff91b7db000 	C:\WINDOWS\system32\WS2_32.dll
0x00007ff9186b0000 - 0x00007ff9186d3000 	C:\WINDOWS\SYSTEM32\WINMM.dll
0x00007ff9135e0000 - 0x00007ff9135ea000 	C:\WINDOWS\SYSTEM32\VERSION.dll
0x00007ff918260000 - 0x00007ff91828c000 	C:\WINDOWS\SYSTEM32\WINMMBASE.dll
0x00007ff91a530000 - 0x00007ff91a573000 	C:\WINDOWS\system32\cfgmgr32.dll
0x0000000053cc0000 - 0x0000000053ccf000 	C:\Program Files\Java\jdk1.8.0_45\jre\bin\verify.dll
0x0000000053320000 - 0x0000000053349000 	C:\Program Files\Java\jdk1.8.0_45\jre\bin\java.dll
0x0000000053300000 - 0x0000000053316000 	C:\Program Files\Java\jdk1.8.0_45\jre\bin\zip.dll
0x00007ff91b850000 - 0x00007ff91cdac000 	C:\WINDOWS\system32\SHELL32.dll
0x00007ff91a800000 - 0x00007ff91ae45000 	C:\WINDOWS\system32\windows.storage.dll
0x00007ff91b6a0000 - 0x00007ff91b6f2000 	C:\WINDOWS\system32\shlwapi.dll
0x00007ff91a0a0000 - 0x00007ff91a0af000 	C:\WINDOWS\system32\kernel.appcore.dll
0x00007ff91a2f0000 - 0x00007ff91a3a5000 	C:\WINDOWS\system32\shcore.dll
0x00007ff91a0b0000 - 0x00007ff91a0fb000 	C:\WINDOWS\system32\powrprof.dll
0x00007ff91a080000 - 0x00007ff91a094000 	C:\WINDOWS\system32\profapi.dll
0x00007ff915470000 - 0x00007ff9155fc000 	C:\WINDOWS\SYSTEM32\dbghelp.dll

VM Arguments:
jvm_args: -Djava.awt.headless=true -Xmx1024M -Dfile.encoding=windows-1252 -Duser.country=BR -Duser.language=pt -Duser.variant 
java_command: com.android.dx.command.Main --dex --num-threads=4 --output D:\Users\F.Einstein\OneDrive\TCC\Project\Asking\app\build\intermediates\pre-dexed\debug\com.android.support-design-23.1.1_ed297b37fafdfc88b07a886992e223ca2a725b39.jar D:\Users\F.Einstein\OneDrive\TCC\Project\Asking\app\build\intermediates\exploded-aar\com.android.support\design\23.1.1\jars\classes.jar
java_class_path (initial): C:\Users\F.Einstein\AppData\Local\Android\sdk\build-tools\23.0.1\lib\dx.jar
Launcher Type: SUN_STANDARD

Environment Variables:
PATH=C:\Program Files\Common Files\Microsoft Shared\Microsoft Online Services;C:\Program Files (x86)\Common Files\Microsoft Shared\Microsoft Online Services;C:\ProgramData\Oracle\Java\javapath;C:\Program Files (x86)\Intel\iCLS Client\;C:\Program Files\Intel\iCLS Client\;C:\WINDOWS\system32;C:\WINDOWS;C:\WINDOWS\System32\Wbem;C:\WINDOWS\System32\WindowsPowerShell\v1.0\;C:\Program Files\Intel\Intel(R) Management Engine Components\DAL;C:\Program Files\Intel\Intel(R) Management Engine Components\IPT;C:\Program Files (x86)\Intel\Intel(R) Management Engine Components\DAL;C:\Program Files (x86)\Intel\Intel(R) Management Engine Components\IPT;C:\Program Files (x86)\Skype\Phone\
USERNAME=F.Einstein
OS=Windows_NT
PROCESSOR_IDENTIFIER=Intel64 Family 6 Model 58 Stepping 9, GenuineIntel



---------------  S Y S T E M  ---------------

OS: Windows 10.0 , 64 bit Build 10586 (10.0.10586.0)

CPU:total 4 (2 cores per cpu, 2 threads per core) family 6 model 58 stepping 9, cmov, cx8, fxsr, mmx, sse, sse2, sse3, ssse3, sse4.1, sse4.2, popcnt, avx, clmul, erms, ht, tsc, tscinvbit, tscinv

Memory: 4k page, physical 5985820k(345732k free), swap 8132124k(3272k free)

vm_info: Java HotSpot(TM) 64-Bit Server VM (25.45-b02) for windows-amd64 JRE (1.8.0_45-b15), built on Apr 30 2015 12:40:44 by "java_re" with MS VC++ 10.0 (VS2010)

time: Mon Mar 07 16:16:31 2016
elapsed time: 2 seconds (0d 0h 0m 2s)

